<?xml version="1.0" encoding="UTF-8"?>
<testsuite xmlns:xsi="http://www.w3.org/2001/XMLSchema-instance" xsi:noNamespaceSchemaLocation="https://maven.apache.org/surefire/maven-surefire-plugin/xsd/surefire-test-report.xsd" name="org.iro.reprex.camelmanualcommit.EmbeddedKafkaIntegrationTest" time="12.672" tests="1" errors="0" skipped="0" failures="0">
  <properties>
    <property name="sun.desktop" value="windows"/>
    <property name="awt.toolkit" value="sun.awt.windows.WToolkit"/>
    <property name="java.specification.version" value="11"/>
    <property name="sun.cpu.isalist" value="amd64"/>
    <property name="sun.jnu.encoding" value="Cp1252"/>
    <property name="java.class.path" value="C:\Users\AC75008340\mdm-eclipse-workspace\reprex-camelmanualcommit\target\test-classes;C:\Users\AC75008340\mdm-eclipse-workspace\reprex-camelmanualcommit\target\classes;C:\Users\AC75008340\.m2\repository\org\springframework\kafka\spring-kafka\2.7.9\spring-kafka-2.7.9.jar;C:\Users\AC75008340\.m2\repository\org\springframework\spring-context\5.3.13\spring-context-5.3.13.jar;C:\Users\AC75008340\.m2\repository\org\springframework\spring-aop\5.3.13\spring-aop-5.3.13.jar;C:\Users\AC75008340\.m2\repository\org\springframework\spring-beans\5.3.13\spring-beans-5.3.13.jar;C:\Users\AC75008340\.m2\repository\org\springframework\spring-expression\5.3.13\spring-expression-5.3.13.jar;C:\Users\AC75008340\.m2\repository\org\springframework\spring-messaging\5.3.13\spring-messaging-5.3.13.jar;C:\Users\AC75008340\.m2\repository\org\springframework\spring-tx\5.3.13\spring-tx-5.3.13.jar;C:\Users\AC75008340\.m2\repository\org\springframework\retry\spring-retry\1.3.1\spring-retry-1.3.1.jar;C:\Users\AC75008340\.m2\repository\javax\annotation\javax.annotation-api\1.3.2\javax.annotation-api-1.3.2.jar;C:\Users\AC75008340\.m2\repository\org\apache\kafka\kafka-clients\2.7.2\kafka-clients-2.7.2.jar;C:\Users\AC75008340\.m2\repository\com\github\luben\zstd-jni\1.4.5-6\zstd-jni-1.4.5-6.jar;C:\Users\AC75008340\.m2\repository\org\lz4\lz4-java\1.7.1\lz4-java-1.7.1.jar;C:\Users\AC75008340\.m2\repository\org\xerial\snappy\snappy-java\1.1.7.7\snappy-java-1.1.7.7.jar;C:\Users\AC75008340\.m2\repository\org\slf4j\slf4j-api\1.7.32\slf4j-api-1.7.32.jar;C:\Users\AC75008340\.m2\repository\com\google\code\findbugs\jsr305\3.0.2\jsr305-3.0.2.jar;C:\Users\AC75008340\.m2\repository\org\springframework\kafka\spring-kafka-test\2.7.9\spring-kafka-test-2.7.9.jar;C:\Users\AC75008340\.m2\repository\org\springframework\spring-test\5.3.13\spring-test-5.3.13.jar;C:\Users\AC75008340\.m2\repository\org\apache\kafka\kafka-clients\2.7.2\kafka-clients-2.7.2-test.jar;C:\Users\AC75008340\.m2\repository\org\apache\kafka\kafka-streams\2.7.2\kafka-streams-2.7.2.jar;C:\Users\AC75008340\.m2\repository\org\apache\kafka\connect-json\2.7.2\connect-json-2.7.2.jar;C:\Users\AC75008340\.m2\repository\org\apache\kafka\connect-api\2.7.2\connect-api-2.7.2.jar;C:\Users\AC75008340\.m2\repository\org\rocksdb\rocksdbjni\5.18.4\rocksdbjni-5.18.4.jar;C:\Users\AC75008340\.m2\repository\org\apache\kafka\kafka-streams-test-utils\2.7.2\kafka-streams-test-utils-2.7.2.jar;C:\Users\AC75008340\.m2\repository\org\apache\kafka\kafka_2.13\2.7.2\kafka_2.13-2.7.2.jar;C:\Users\AC75008340\.m2\repository\org\apache\kafka\kafka-raft\2.7.2\kafka-raft-2.7.2.jar;C:\Users\AC75008340\.m2\repository\com\fasterxml\jackson\core\jackson-databind\2.12.5\jackson-databind-2.12.5.jar;C:\Users\AC75008340\.m2\repository\com\fasterxml\jackson\core\jackson-annotations\2.12.5\jackson-annotations-2.12.5.jar;C:\Users\AC75008340\.m2\repository\com\fasterxml\jackson\core\jackson-core\2.12.5\jackson-core-2.12.5.jar;C:\Users\AC75008340\.m2\repository\com\fasterxml\jackson\module\jackson-module-scala_2.13\2.12.5\jackson-module-scala_2.13-2.12.5.jar;C:\Users\AC75008340\.m2\repository\com\thoughtworks\paranamer\paranamer\2.8\paranamer-2.8.jar;C:\Users\AC75008340\.m2\repository\com\fasterxml\jackson\dataformat\jackson-dataformat-csv\2.12.5\jackson-dataformat-csv-2.12.5.jar;C:\Users\AC75008340\.m2\repository\com\fasterxml\jackson\datatype\jackson-datatype-jdk8\2.12.5\jackson-datatype-jdk8-2.12.5.jar;C:\Users\AC75008340\.m2\repository\net\sf\jopt-simple\jopt-simple\5.0.4\jopt-simple-5.0.4.jar;C:\Users\AC75008340\.m2\repository\com\yammer\metrics\metrics-core\2.2.0\metrics-core-2.2.0.jar;C:\Users\AC75008340\.m2\repository\org\scala-lang\modules\scala-collection-compat_2.13\2.2.0\scala-collection-compat_2.13-2.2.0.jar;C:\Users\AC75008340\.m2\repository\org\scala-lang\modules\scala-java8-compat_2.13\0.9.1\scala-java8-compat_2.13-0.9.1.jar;C:\Users\AC75008340\.m2\repository\org\scala-lang\scala-library\2.13.3\scala-library-2.13.3.jar;C:\Users\AC75008340\.m2\repository\org\scala-lang\scala-reflect\2.13.3\scala-reflect-2.13.3.jar;C:\Users\AC75008340\.m2\repository\com\typesafe\scala-logging\scala-logging_2.13\3.9.2\scala-logging_2.13-3.9.2.jar;C:\Users\AC75008340\.m2\repository\org\apache\zookeeper\zookeeper\3.5.9\zookeeper-3.5.9.jar;C:\Users\AC75008340\.m2\repository\org\apache\zookeeper\zookeeper-jute\3.5.9\zookeeper-jute-3.5.9.jar;C:\Users\AC75008340\.m2\repository\org\apache\yetus\audience-annotations\0.5.0\audience-annotations-0.5.0.jar;C:\Users\AC75008340\.m2\repository\io\netty\netty-handler\4.1.70.Final\netty-handler-4.1.70.Final.jar;C:\Users\AC75008340\.m2\repository\io\netty\netty-common\4.1.70.Final\netty-common-4.1.70.Final.jar;C:\Users\AC75008340\.m2\repository\io\netty\netty-resolver\4.1.70.Final\netty-resolver-4.1.70.Final.jar;C:\Users\AC75008340\.m2\repository\io\netty\netty-buffer\4.1.70.Final\netty-buffer-4.1.70.Final.jar;C:\Users\AC75008340\.m2\repository\io\netty\netty-transport\4.1.70.Final\netty-transport-4.1.70.Final.jar;C:\Users\AC75008340\.m2\repository\io\netty\netty-codec\4.1.70.Final\netty-codec-4.1.70.Final.jar;C:\Users\AC75008340\.m2\repository\io\netty\netty-transport-native-epoll\4.1.70.Final\netty-transport-native-epoll-4.1.70.Final.jar;C:\Users\AC75008340\.m2\repository\io\netty\netty-transport-native-unix-common\4.1.70.Final\netty-transport-native-unix-common-4.1.70.Final.jar;C:\Users\AC75008340\.m2\repository\io\netty\netty-transport-classes-epoll\4.1.70.Final\netty-transport-classes-epoll-4.1.70.Final.jar;C:\Users\AC75008340\.m2\repository\commons-cli\commons-cli\1.4\commons-cli-1.4.jar;C:\Users\AC75008340\.m2\repository\org\apache\kafka\kafka_2.13\2.7.2\kafka_2.13-2.7.2-test.jar;C:\Users\AC75008340\.m2\repository\org\junit\jupiter\junit-jupiter-api\5.7.2\junit-jupiter-api-5.7.2.jar;C:\Users\AC75008340\.m2\repository\org\opentest4j\opentest4j\1.2.0\opentest4j-1.2.0.jar;C:\Users\AC75008340\.m2\repository\org\junit\platform\junit-platform-commons\1.7.2\junit-platform-commons-1.7.2.jar;C:\Users\AC75008340\.m2\repository\org\testcontainers\kafka\1.15.3\kafka-1.15.3.jar;C:\Users\AC75008340\.m2\repository\org\testcontainers\testcontainers\1.15.3\testcontainers-1.15.3.jar;C:\Users\AC75008340\.m2\repository\org\apache\commons\commons-compress\1.20\commons-compress-1.20.jar;C:\Users\AC75008340\.m2\repository\org\rnorth\duct-tape\duct-tape\1.0.8\duct-tape-1.0.8.jar;C:\Users\AC75008340\.m2\repository\org\rnorth\visible-assertions\visible-assertions\2.1.2\visible-assertions-2.1.2.jar;C:\Users\AC75008340\.m2\repository\net\java\dev\jna\jna\5.2.0\jna-5.2.0.jar;C:\Users\AC75008340\.m2\repository\com\github\docker-java\docker-java-api\3.2.8\docker-java-api-3.2.8.jar;C:\Users\AC75008340\.m2\repository\com\github\docker-java\docker-java-transport-zerodep\3.2.8\docker-java-transport-zerodep-3.2.8.jar;C:\Users\AC75008340\.m2\repository\com\github\docker-java\docker-java-transport\3.2.8\docker-java-transport-3.2.8.jar;C:\Users\AC75008340\.m2\repository\org\apache\camel\springboot\camel-spring-boot-starter\3.18.3\camel-spring-boot-starter-3.18.3.jar;C:\Users\AC75008340\.m2\repository\org\springframework\boot\spring-boot-starter\2.5.7\spring-boot-starter-2.5.7.jar;C:\Users\AC75008340\.m2\repository\org\springframework\boot\spring-boot\2.5.7\spring-boot-2.5.7.jar;C:\Users\AC75008340\.m2\repository\org\springframework\boot\spring-boot-autoconfigure\2.5.7\spring-boot-autoconfigure-2.5.7.jar;C:\Users\AC75008340\.m2\repository\org\springframework\boot\spring-boot-starter-logging\2.5.7\spring-boot-starter-logging-2.5.7.jar;C:\Users\AC75008340\.m2\repository\ch\qos\logback\logback-classic\1.2.7\logback-classic-1.2.7.jar;C:\Users\AC75008340\.m2\repository\ch\qos\logback\logback-core\1.2.7\logback-core-1.2.7.jar;C:\Users\AC75008340\.m2\repository\org\apache\logging\log4j\log4j-to-slf4j\2.14.1\log4j-to-slf4j-2.14.1.jar;C:\Users\AC75008340\.m2\repository\org\apache\logging\log4j\log4j-api\2.14.1\log4j-api-2.14.1.jar;C:\Users\AC75008340\.m2\repository\org\slf4j\jul-to-slf4j\1.7.32\jul-to-slf4j-1.7.32.jar;C:\Users\AC75008340\.m2\repository\jakarta\annotation\jakarta.annotation-api\1.3.5\jakarta.annotation-api-1.3.5.jar;C:\Users\AC75008340\.m2\repository\org\yaml\snakeyaml\1.28\snakeyaml-1.28.jar;C:\Users\AC75008340\.m2\repository\org\apache\camel\springboot\camel-spring-boot\3.18.3\camel-spring-boot-3.18.3.jar;C:\Users\AC75008340\.m2\repository\org\apache\camel\camel-spring\3.18.3\camel-spring-3.18.3.jar;C:\Users\AC75008340\.m2\repository\org\apache\camel\camel-management-api\3.18.3\camel-management-api-3.18.3.jar;C:\Users\AC75008340\.m2\repository\org\apache\camel\camel-spring-main\3.18.3\camel-spring-main-3.18.3.jar;C:\Users\AC75008340\.m2\repository\org\apache\camel\camel-main\3.18.3\camel-main-3.18.3.jar;C:\Users\AC75008340\.m2\repository\org\apache\camel\camel-base\3.18.3\camel-base-3.18.3.jar;C:\Users\AC75008340\.m2\repository\org\apache\camel\camel-core-languages\3.18.3\camel-core-languages-3.18.3.jar;C:\Users\AC75008340\.m2\repository\org\apache\camel\camel-util-json\3.18.3\camel-util-json-3.18.3.jar;C:\Users\AC75008340\.m2\repository\org\apache\camel\camel-xml-jaxb-dsl\3.18.3\camel-xml-jaxb-dsl-3.18.3.jar;C:\Users\AC75008340\.m2\repository\org\apache\camel\camel-xml-jaxb\3.18.3\camel-xml-jaxb-3.18.3.jar;C:\Users\AC75008340\.m2\repository\com\sun\xml\bind\jaxb-core\2.3.0\jaxb-core-2.3.0.jar;C:\Users\AC75008340\.m2\repository\com\sun\xml\bind\jaxb-impl\2.3.3\jaxb-impl-2.3.3.jar;C:\Users\AC75008340\.m2\repository\com\sun\activation\jakarta.activation\1.2.2\jakarta.activation-1.2.2.jar;C:\Users\AC75008340\.m2\repository\org\apache\camel\camel-dsl-support\3.18.3\camel-dsl-support-3.18.3.jar;C:\Users\AC75008340\.m2\repository\org\apache\camel\camel-spring-xml\3.18.3\camel-spring-xml-3.18.3.jar;C:\Users\AC75008340\.m2\repository\org\apache\camel\camel-core-xml\3.18.3\camel-core-xml-3.18.3.jar;C:\Users\AC75008340\.m2\repository\org\apache\camel\camel-cloud\3.18.3\camel-cloud-3.18.3.jar;C:\Users\AC75008340\.m2\repository\org\apache\camel\camel-core-model\3.18.3\camel-core-model-3.18.3.jar;C:\Users\AC75008340\.m2\repository\org\apache\camel\camel-core-processor\3.18.3\camel-core-processor-3.18.3.jar;C:\Users\AC75008340\.m2\repository\org\apache\camel\camel-cluster\3.18.3\camel-cluster-3.18.3.jar;C:\Users\AC75008340\.m2\repository\org\apache\camel\camel-base-engine\3.18.3\camel-base-engine-3.18.3.jar;C:\Users\AC75008340\.m2\repository\org\apache\camel\camel-health\3.18.3\camel-health-3.18.3.jar;C:\Users\AC75008340\.m2\repository\org\apache\camel\springboot\camel-core-starter\3.18.3\camel-core-starter-3.18.3.jar;C:\Users\AC75008340\.m2\repository\org\apache\camel\camel-core-engine\3.18.3\camel-core-engine-3.18.3.jar;C:\Users\AC75008340\.m2\repository\org\apache\camel\camel-api\3.18.3\camel-api-3.18.3.jar;C:\Users\AC75008340\.m2\repository\org\apache\camel\camel-core-reifier\3.18.3\camel-core-reifier-3.18.3.jar;C:\Users\AC75008340\.m2\repository\org\apache\camel\camel-support\3.18.3\camel-support-3.18.3.jar;C:\Users\AC75008340\.m2\repository\org\apache\camel\camel-util\3.18.3\camel-util-3.18.3.jar;C:\Users\AC75008340\.m2\repository\org\apache\camel\springboot\camel-bean-starter\3.18.3\camel-bean-starter-3.18.3.jar;C:\Users\AC75008340\.m2\repository\org\apache\camel\camel-bean\3.18.3\camel-bean-3.18.3.jar;C:\Users\AC75008340\.m2\repository\org\apache\camel\springboot\camel-browse-starter\3.18.3\camel-browse-starter-3.18.3.jar;C:\Users\AC75008340\.m2\repository\org\apache\camel\camel-browse\3.18.3\camel-browse-3.18.3.jar;C:\Users\AC75008340\.m2\repository\org\apache\camel\springboot\camel-controlbus-starter\3.18.3\camel-controlbus-starter-3.18.3.jar;C:\Users\AC75008340\.m2\repository\org\apache\camel\camel-controlbus\3.18.3\camel-controlbus-3.18.3.jar;C:\Users\AC75008340\.m2\repository\org\apache\camel\springboot\camel-dataformat-starter\3.18.3\camel-dataformat-starter-3.18.3.jar;C:\Users\AC75008340\.m2\repository\org\apache\camel\camel-dataformat\3.18.3\camel-dataformat-3.18.3.jar;C:\Users\AC75008340\.m2\repository\org\apache\camel\springboot\camel-dataset-starter\3.18.3\camel-dataset-starter-3.18.3.jar;C:\Users\AC75008340\.m2\repository\org\apache\camel\camel-dataset\3.18.3\camel-dataset-3.18.3.jar;C:\Users\AC75008340\.m2\repository\org\apache\camel\springboot\camel-direct-starter\3.18.3\camel-direct-starter-3.18.3.jar;C:\Users\AC75008340\.m2\repository\org\apache\camel\camel-direct\3.18.3\camel-direct-3.18.3.jar;C:\Users\AC75008340\.m2\repository\org\apache\camel\springboot\camel-directvm-starter\3.18.3\camel-directvm-starter-3.18.3.jar;C:\Users\AC75008340\.m2\repository\org\apache\camel\camel-directvm\3.18.3\camel-directvm-3.18.3.jar;C:\Users\AC75008340\.m2\repository\org\apache\camel\springboot\camel-file-starter\3.18.3\camel-file-starter-3.18.3.jar;C:\Users\AC75008340\.m2\repository\org\apache\camel\camel-file\3.18.3\camel-file-3.18.3.jar;C:\Users\AC75008340\.m2\repository\org\apache\camel\springboot\camel-language-starter\3.18.3\camel-language-starter-3.18.3.jar;C:\Users\AC75008340\.m2\repository\org\apache\camel\camel-language\3.18.3\camel-language-3.18.3.jar;C:\Users\AC75008340\.m2\repository\org\apache\camel\springboot\camel-log-starter\3.18.3\camel-log-starter-3.18.3.jar;C:\Users\AC75008340\.m2\repository\org\apache\camel\camel-log\3.18.3\camel-log-3.18.3.jar;C:\Users\AC75008340\.m2\repository\org\apache\camel\springboot\camel-mock-starter\3.18.3\camel-mock-starter-3.18.3.jar;C:\Users\AC75008340\.m2\repository\org\apache\camel\camel-mock\3.18.3\camel-mock-3.18.3.jar;C:\Users\AC75008340\.m2\repository\org\apache\camel\springboot\camel-ref-starter\3.18.3\camel-ref-starter-3.18.3.jar;C:\Users\AC75008340\.m2\repository\org\apache\camel\camel-ref\3.18.3\camel-ref-3.18.3.jar;C:\Users\AC75008340\.m2\repository\org\apache\camel\springboot\camel-rest-starter\3.18.3\camel-rest-starter-3.18.3.jar;C:\Users\AC75008340\.m2\repository\org\apache\camel\camel-rest\3.18.3\camel-rest-3.18.3.jar;C:\Users\AC75008340\.m2\repository\org\apache\camel\camel-tooling-model\3.18.3\camel-tooling-model-3.18.3.jar;C:\Users\AC75008340\.m2\repository\org\apache\camel\springboot\camel-saga-starter\3.18.3\camel-saga-starter-3.18.3.jar;C:\Users\AC75008340\.m2\repository\org\apache\camel\camel-saga\3.18.3\camel-saga-3.18.3.jar;C:\Users\AC75008340\.m2\repository\org\apache\camel\springboot\camel-scheduler-starter\3.18.3\camel-scheduler-starter-3.18.3.jar;C:\Users\AC75008340\.m2\repository\org\apache\camel\camel-scheduler\3.18.3\camel-scheduler-3.18.3.jar;C:\Users\AC75008340\.m2\repository\org\apache\camel\springboot\camel-seda-starter\3.18.3\camel-seda-starter-3.18.3.jar;C:\Users\AC75008340\.m2\repository\org\apache\camel\camel-seda\3.18.3\camel-seda-3.18.3.jar;C:\Users\AC75008340\.m2\repository\org\apache\camel\springboot\camel-stub-starter\3.18.3\camel-stub-starter-3.18.3.jar;C:\Users\AC75008340\.m2\repository\org\apache\camel\camel-stub\3.18.3\camel-stub-3.18.3.jar;C:\Users\AC75008340\.m2\repository\org\apache\camel\springboot\camel-timer-starter\3.18.3\camel-timer-starter-3.18.3.jar;C:\Users\AC75008340\.m2\repository\org\apache\camel\camel-timer\3.18.3\camel-timer-3.18.3.jar;C:\Users\AC75008340\.m2\repository\org\apache\camel\springboot\camel-validator-starter\3.18.3\camel-validator-starter-3.18.3.jar;C:\Users\AC75008340\.m2\repository\org\apache\camel\camel-validator\3.18.3\camel-validator-3.18.3.jar;C:\Users\AC75008340\.m2\repository\org\apache\camel\springboot\camel-vm-starter\3.18.3\camel-vm-starter-3.18.3.jar;C:\Users\AC75008340\.m2\repository\org\apache\camel\camel-vm\3.18.3\camel-vm-3.18.3.jar;C:\Users\AC75008340\.m2\repository\org\apache\camel\springboot\camel-xpath-starter\3.18.3\camel-xpath-starter-3.18.3.jar;C:\Users\AC75008340\.m2\repository\org\apache\camel\camel-xpath\3.18.3\camel-xpath-3.18.3.jar;C:\Users\AC75008340\.m2\repository\org\apache\camel\springboot\camel-xslt-starter\3.18.3\camel-xslt-starter-3.18.3.jar;C:\Users\AC75008340\.m2\repository\org\apache\camel\camel-xslt\3.18.3\camel-xslt-3.18.3.jar;C:\Users\AC75008340\.m2\repository\org\apache\camel\springboot\camel-xml-jaxp-starter\3.18.3\camel-xml-jaxp-starter-3.18.3.jar;C:\Users\AC75008340\.m2\repository\org\apache\camel\camel-xml-jaxp\3.18.3\camel-xml-jaxp-3.18.3.jar;C:\Users\AC75008340\.m2\repository\org\apache\camel\camel-xml-io-util\3.18.3\camel-xml-io-util-3.18.3.jar;C:\Users\AC75008340\.m2\repository\org\springframework\boot\spring-boot-starter-test\2.5.7\spring-boot-starter-test-2.5.7.jar;C:\Users\AC75008340\.m2\repository\org\springframework\boot\spring-boot-test\2.5.7\spring-boot-test-2.5.7.jar;C:\Users\AC75008340\.m2\repository\org\springframework\boot\spring-boot-test-autoconfigure\2.5.7\spring-boot-test-autoconfigure-2.5.7.jar;C:\Users\AC75008340\.m2\repository\com\jayway\jsonpath\json-path\2.5.0\json-path-2.5.0.jar;C:\Users\AC75008340\.m2\repository\net\minidev\json-smart\2.4.7\json-smart-2.4.7.jar;C:\Users\AC75008340\.m2\repository\net\minidev\accessors-smart\2.4.7\accessors-smart-2.4.7.jar;C:\Users\AC75008340\.m2\repository\org\ow2\asm\asm\9.1\asm-9.1.jar;C:\Users\AC75008340\.m2\repository\jakarta\xml\bind\jakarta.xml.bind-api\2.3.3\jakarta.xml.bind-api-2.3.3.jar;C:\Users\AC75008340\.m2\repository\jakarta\activation\jakarta.activation-api\1.2.2\jakarta.activation-api-1.2.2.jar;C:\Users\AC75008340\.m2\repository\org\assertj\assertj-core\3.19.0\assertj-core-3.19.0.jar;C:\Users\AC75008340\.m2\repository\org\hamcrest\hamcrest\2.2\hamcrest-2.2.jar;C:\Users\AC75008340\.m2\repository\org\junit\jupiter\junit-jupiter\5.7.2\junit-jupiter-5.7.2.jar;C:\Users\AC75008340\.m2\repository\org\junit\jupiter\junit-jupiter-params\5.7.2\junit-jupiter-params-5.7.2.jar;C:\Users\AC75008340\.m2\repository\org\junit\jupiter\junit-jupiter-engine\5.7.2\junit-jupiter-engine-5.7.2.jar;C:\Users\AC75008340\.m2\repository\org\mockito\mockito-core\3.9.0\mockito-core-3.9.0.jar;C:\Users\AC75008340\.m2\repository\net\bytebuddy\byte-buddy\1.10.22\byte-buddy-1.10.22.jar;C:\Users\AC75008340\.m2\repository\net\bytebuddy\byte-buddy-agent\1.10.22\byte-buddy-agent-1.10.22.jar;C:\Users\AC75008340\.m2\repository\org\objenesis\objenesis\3.2\objenesis-3.2.jar;C:\Users\AC75008340\.m2\repository\org\mockito\mockito-junit-jupiter\3.9.0\mockito-junit-jupiter-3.9.0.jar;C:\Users\AC75008340\.m2\repository\org\skyscreamer\jsonassert\1.5.0\jsonassert-1.5.0.jar;C:\Users\AC75008340\.m2\repository\com\vaadin\external\google\android-json\0.0.20131108.vaadin1\android-json-0.0.20131108.vaadin1.jar;C:\Users\AC75008340\.m2\repository\org\springframework\spring-core\5.3.13\spring-core-5.3.13.jar;C:\Users\AC75008340\.m2\repository\org\springframework\spring-jcl\5.3.13\spring-jcl-5.3.13.jar;C:\Users\AC75008340\.m2\repository\org\xmlunit\xmlunit-core\2.8.3\xmlunit-core-2.8.3.jar;C:\Users\AC75008340\.m2\repository\org\junit\vintage\junit-vintage-engine\5.7.2\junit-vintage-engine-5.7.2.jar;C:\Users\AC75008340\.m2\repository\org\apiguardian\apiguardian-api\1.1.0\apiguardian-api-1.1.0.jar;C:\Users\AC75008340\.m2\repository\org\junit\platform\junit-platform-engine\1.7.2\junit-platform-engine-1.7.2.jar;C:\Users\AC75008340\.m2\repository\junit\junit\4.13.2\junit-4.13.2.jar;C:\Users\AC75008340\.m2\repository\org\hamcrest\hamcrest-core\2.2\hamcrest-core-2.2.jar;"/>
    <property name="java.vm.vendor" value="AdoptOpenJDK"/>
    <property name="sun.arch.data.model" value="64"/>
    <property name="user.variant" value=""/>
    <property name="java.vendor.url" value="https://adoptopenjdk.net/"/>
    <property name="user.timezone" value="Europe/Paris"/>
    <property name="mvnd.terminalWidth" value="239"/>
    <property name="java.vm.specification.version" value="11"/>
    <property name="os.name" value="Windows 10"/>
    <property name="sun.java.launcher" value="SUN_STANDARD"/>
    <property name="user.country" value="FR"/>
    <property name="sun.boot.library.path" value="C:\Users\AC75008340\java\jdk-11.0.10+9\bin"/>
    <property name="sun.java.command" value="C:\cygwin64\tmp\surefire17170651748702845300\surefirebooter16427198913874782329.jar C:\cygwin64\tmp\surefire17170651748702845300 2022-11-22T15-23-59_669-jvmRun1 surefire2577952976304978092tmp surefire_31424323162703292930tmp"/>
    <property name="jdk.debug" value="release"/>
    <property name="surefire.test.class.path" value="C:\Users\AC75008340\mdm-eclipse-workspace\reprex-camelmanualcommit\target\test-classes;C:\Users\AC75008340\mdm-eclipse-workspace\reprex-camelmanualcommit\target\classes;C:\Users\AC75008340\.m2\repository\org\springframework\kafka\spring-kafka\2.7.9\spring-kafka-2.7.9.jar;C:\Users\AC75008340\.m2\repository\org\springframework\spring-context\5.3.13\spring-context-5.3.13.jar;C:\Users\AC75008340\.m2\repository\org\springframework\spring-aop\5.3.13\spring-aop-5.3.13.jar;C:\Users\AC75008340\.m2\repository\org\springframework\spring-beans\5.3.13\spring-beans-5.3.13.jar;C:\Users\AC75008340\.m2\repository\org\springframework\spring-expression\5.3.13\spring-expression-5.3.13.jar;C:\Users\AC75008340\.m2\repository\org\springframework\spring-messaging\5.3.13\spring-messaging-5.3.13.jar;C:\Users\AC75008340\.m2\repository\org\springframework\spring-tx\5.3.13\spring-tx-5.3.13.jar;C:\Users\AC75008340\.m2\repository\org\springframework\retry\spring-retry\1.3.1\spring-retry-1.3.1.jar;C:\Users\AC75008340\.m2\repository\javax\annotation\javax.annotation-api\1.3.2\javax.annotation-api-1.3.2.jar;C:\Users\AC75008340\.m2\repository\org\apache\kafka\kafka-clients\2.7.2\kafka-clients-2.7.2.jar;C:\Users\AC75008340\.m2\repository\com\github\luben\zstd-jni\1.4.5-6\zstd-jni-1.4.5-6.jar;C:\Users\AC75008340\.m2\repository\org\lz4\lz4-java\1.7.1\lz4-java-1.7.1.jar;C:\Users\AC75008340\.m2\repository\org\xerial\snappy\snappy-java\1.1.7.7\snappy-java-1.1.7.7.jar;C:\Users\AC75008340\.m2\repository\org\slf4j\slf4j-api\1.7.32\slf4j-api-1.7.32.jar;C:\Users\AC75008340\.m2\repository\com\google\code\findbugs\jsr305\3.0.2\jsr305-3.0.2.jar;C:\Users\AC75008340\.m2\repository\org\springframework\kafka\spring-kafka-test\2.7.9\spring-kafka-test-2.7.9.jar;C:\Users\AC75008340\.m2\repository\org\springframework\spring-test\5.3.13\spring-test-5.3.13.jar;C:\Users\AC75008340\.m2\repository\org\apache\kafka\kafka-clients\2.7.2\kafka-clients-2.7.2-test.jar;C:\Users\AC75008340\.m2\repository\org\apache\kafka\kafka-streams\2.7.2\kafka-streams-2.7.2.jar;C:\Users\AC75008340\.m2\repository\org\apache\kafka\connect-json\2.7.2\connect-json-2.7.2.jar;C:\Users\AC75008340\.m2\repository\org\apache\kafka\connect-api\2.7.2\connect-api-2.7.2.jar;C:\Users\AC75008340\.m2\repository\org\rocksdb\rocksdbjni\5.18.4\rocksdbjni-5.18.4.jar;C:\Users\AC75008340\.m2\repository\org\apache\kafka\kafka-streams-test-utils\2.7.2\kafka-streams-test-utils-2.7.2.jar;C:\Users\AC75008340\.m2\repository\org\apache\kafka\kafka_2.13\2.7.2\kafka_2.13-2.7.2.jar;C:\Users\AC75008340\.m2\repository\org\apache\kafka\kafka-raft\2.7.2\kafka-raft-2.7.2.jar;C:\Users\AC75008340\.m2\repository\com\fasterxml\jackson\core\jackson-databind\2.12.5\jackson-databind-2.12.5.jar;C:\Users\AC75008340\.m2\repository\com\fasterxml\jackson\core\jackson-annotations\2.12.5\jackson-annotations-2.12.5.jar;C:\Users\AC75008340\.m2\repository\com\fasterxml\jackson\core\jackson-core\2.12.5\jackson-core-2.12.5.jar;C:\Users\AC75008340\.m2\repository\com\fasterxml\jackson\module\jackson-module-scala_2.13\2.12.5\jackson-module-scala_2.13-2.12.5.jar;C:\Users\AC75008340\.m2\repository\com\thoughtworks\paranamer\paranamer\2.8\paranamer-2.8.jar;C:\Users\AC75008340\.m2\repository\com\fasterxml\jackson\dataformat\jackson-dataformat-csv\2.12.5\jackson-dataformat-csv-2.12.5.jar;C:\Users\AC75008340\.m2\repository\com\fasterxml\jackson\datatype\jackson-datatype-jdk8\2.12.5\jackson-datatype-jdk8-2.12.5.jar;C:\Users\AC75008340\.m2\repository\net\sf\jopt-simple\jopt-simple\5.0.4\jopt-simple-5.0.4.jar;C:\Users\AC75008340\.m2\repository\com\yammer\metrics\metrics-core\2.2.0\metrics-core-2.2.0.jar;C:\Users\AC75008340\.m2\repository\org\scala-lang\modules\scala-collection-compat_2.13\2.2.0\scala-collection-compat_2.13-2.2.0.jar;C:\Users\AC75008340\.m2\repository\org\scala-lang\modules\scala-java8-compat_2.13\0.9.1\scala-java8-compat_2.13-0.9.1.jar;C:\Users\AC75008340\.m2\repository\org\scala-lang\scala-library\2.13.3\scala-library-2.13.3.jar;C:\Users\AC75008340\.m2\repository\org\scala-lang\scala-reflect\2.13.3\scala-reflect-2.13.3.jar;C:\Users\AC75008340\.m2\repository\com\typesafe\scala-logging\scala-logging_2.13\3.9.2\scala-logging_2.13-3.9.2.jar;C:\Users\AC75008340\.m2\repository\org\apache\zookeeper\zookeeper\3.5.9\zookeeper-3.5.9.jar;C:\Users\AC75008340\.m2\repository\org\apache\zookeeper\zookeeper-jute\3.5.9\zookeeper-jute-3.5.9.jar;C:\Users\AC75008340\.m2\repository\org\apache\yetus\audience-annotations\0.5.0\audience-annotations-0.5.0.jar;C:\Users\AC75008340\.m2\repository\io\netty\netty-handler\4.1.70.Final\netty-handler-4.1.70.Final.jar;C:\Users\AC75008340\.m2\repository\io\netty\netty-common\4.1.70.Final\netty-common-4.1.70.Final.jar;C:\Users\AC75008340\.m2\repository\io\netty\netty-resolver\4.1.70.Final\netty-resolver-4.1.70.Final.jar;C:\Users\AC75008340\.m2\repository\io\netty\netty-buffer\4.1.70.Final\netty-buffer-4.1.70.Final.jar;C:\Users\AC75008340\.m2\repository\io\netty\netty-transport\4.1.70.Final\netty-transport-4.1.70.Final.jar;C:\Users\AC75008340\.m2\repository\io\netty\netty-codec\4.1.70.Final\netty-codec-4.1.70.Final.jar;C:\Users\AC75008340\.m2\repository\io\netty\netty-transport-native-epoll\4.1.70.Final\netty-transport-native-epoll-4.1.70.Final.jar;C:\Users\AC75008340\.m2\repository\io\netty\netty-transport-native-unix-common\4.1.70.Final\netty-transport-native-unix-common-4.1.70.Final.jar;C:\Users\AC75008340\.m2\repository\io\netty\netty-transport-classes-epoll\4.1.70.Final\netty-transport-classes-epoll-4.1.70.Final.jar;C:\Users\AC75008340\.m2\repository\commons-cli\commons-cli\1.4\commons-cli-1.4.jar;C:\Users\AC75008340\.m2\repository\org\apache\kafka\kafka_2.13\2.7.2\kafka_2.13-2.7.2-test.jar;C:\Users\AC75008340\.m2\repository\org\junit\jupiter\junit-jupiter-api\5.7.2\junit-jupiter-api-5.7.2.jar;C:\Users\AC75008340\.m2\repository\org\opentest4j\opentest4j\1.2.0\opentest4j-1.2.0.jar;C:\Users\AC75008340\.m2\repository\org\junit\platform\junit-platform-commons\1.7.2\junit-platform-commons-1.7.2.jar;C:\Users\AC75008340\.m2\repository\org\testcontainers\kafka\1.15.3\kafka-1.15.3.jar;C:\Users\AC75008340\.m2\repository\org\testcontainers\testcontainers\1.15.3\testcontainers-1.15.3.jar;C:\Users\AC75008340\.m2\repository\org\apache\commons\commons-compress\1.20\commons-compress-1.20.jar;C:\Users\AC75008340\.m2\repository\org\rnorth\duct-tape\duct-tape\1.0.8\duct-tape-1.0.8.jar;C:\Users\AC75008340\.m2\repository\org\rnorth\visible-assertions\visible-assertions\2.1.2\visible-assertions-2.1.2.jar;C:\Users\AC75008340\.m2\repository\net\java\dev\jna\jna\5.2.0\jna-5.2.0.jar;C:\Users\AC75008340\.m2\repository\com\github\docker-java\docker-java-api\3.2.8\docker-java-api-3.2.8.jar;C:\Users\AC75008340\.m2\repository\com\github\docker-java\docker-java-transport-zerodep\3.2.8\docker-java-transport-zerodep-3.2.8.jar;C:\Users\AC75008340\.m2\repository\com\github\docker-java\docker-java-transport\3.2.8\docker-java-transport-3.2.8.jar;C:\Users\AC75008340\.m2\repository\org\apache\camel\springboot\camel-spring-boot-starter\3.18.3\camel-spring-boot-starter-3.18.3.jar;C:\Users\AC75008340\.m2\repository\org\springframework\boot\spring-boot-starter\2.5.7\spring-boot-starter-2.5.7.jar;C:\Users\AC75008340\.m2\repository\org\springframework\boot\spring-boot\2.5.7\spring-boot-2.5.7.jar;C:\Users\AC75008340\.m2\repository\org\springframework\boot\spring-boot-autoconfigure\2.5.7\spring-boot-autoconfigure-2.5.7.jar;C:\Users\AC75008340\.m2\repository\org\springframework\boot\spring-boot-starter-logging\2.5.7\spring-boot-starter-logging-2.5.7.jar;C:\Users\AC75008340\.m2\repository\ch\qos\logback\logback-classic\1.2.7\logback-classic-1.2.7.jar;C:\Users\AC75008340\.m2\repository\ch\qos\logback\logback-core\1.2.7\logback-core-1.2.7.jar;C:\Users\AC75008340\.m2\repository\org\apache\logging\log4j\log4j-to-slf4j\2.14.1\log4j-to-slf4j-2.14.1.jar;C:\Users\AC75008340\.m2\repository\org\apache\logging\log4j\log4j-api\2.14.1\log4j-api-2.14.1.jar;C:\Users\AC75008340\.m2\repository\org\slf4j\jul-to-slf4j\1.7.32\jul-to-slf4j-1.7.32.jar;C:\Users\AC75008340\.m2\repository\jakarta\annotation\jakarta.annotation-api\1.3.5\jakarta.annotation-api-1.3.5.jar;C:\Users\AC75008340\.m2\repository\org\yaml\snakeyaml\1.28\snakeyaml-1.28.jar;C:\Users\AC75008340\.m2\repository\org\apache\camel\springboot\camel-spring-boot\3.18.3\camel-spring-boot-3.18.3.jar;C:\Users\AC75008340\.m2\repository\org\apache\camel\camel-spring\3.18.3\camel-spring-3.18.3.jar;C:\Users\AC75008340\.m2\repository\org\apache\camel\camel-management-api\3.18.3\camel-management-api-3.18.3.jar;C:\Users\AC75008340\.m2\repository\org\apache\camel\camel-spring-main\3.18.3\camel-spring-main-3.18.3.jar;C:\Users\AC75008340\.m2\repository\org\apache\camel\camel-main\3.18.3\camel-main-3.18.3.jar;C:\Users\AC75008340\.m2\repository\org\apache\camel\camel-base\3.18.3\camel-base-3.18.3.jar;C:\Users\AC75008340\.m2\repository\org\apache\camel\camel-core-languages\3.18.3\camel-core-languages-3.18.3.jar;C:\Users\AC75008340\.m2\repository\org\apache\camel\camel-util-json\3.18.3\camel-util-json-3.18.3.jar;C:\Users\AC75008340\.m2\repository\org\apache\camel\camel-xml-jaxb-dsl\3.18.3\camel-xml-jaxb-dsl-3.18.3.jar;C:\Users\AC75008340\.m2\repository\org\apache\camel\camel-xml-jaxb\3.18.3\camel-xml-jaxb-3.18.3.jar;C:\Users\AC75008340\.m2\repository\com\sun\xml\bind\jaxb-core\2.3.0\jaxb-core-2.3.0.jar;C:\Users\AC75008340\.m2\repository\com\sun\xml\bind\jaxb-impl\2.3.3\jaxb-impl-2.3.3.jar;C:\Users\AC75008340\.m2\repository\com\sun\activation\jakarta.activation\1.2.2\jakarta.activation-1.2.2.jar;C:\Users\AC75008340\.m2\repository\org\apache\camel\camel-dsl-support\3.18.3\camel-dsl-support-3.18.3.jar;C:\Users\AC75008340\.m2\repository\org\apache\camel\camel-spring-xml\3.18.3\camel-spring-xml-3.18.3.jar;C:\Users\AC75008340\.m2\repository\org\apache\camel\camel-core-xml\3.18.3\camel-core-xml-3.18.3.jar;C:\Users\AC75008340\.m2\repository\org\apache\camel\camel-cloud\3.18.3\camel-cloud-3.18.3.jar;C:\Users\AC75008340\.m2\repository\org\apache\camel\camel-core-model\3.18.3\camel-core-model-3.18.3.jar;C:\Users\AC75008340\.m2\repository\org\apache\camel\camel-core-processor\3.18.3\camel-core-processor-3.18.3.jar;C:\Users\AC75008340\.m2\repository\org\apache\camel\camel-cluster\3.18.3\camel-cluster-3.18.3.jar;C:\Users\AC75008340\.m2\repository\org\apache\camel\camel-base-engine\3.18.3\camel-base-engine-3.18.3.jar;C:\Users\AC75008340\.m2\repository\org\apache\camel\camel-health\3.18.3\camel-health-3.18.3.jar;C:\Users\AC75008340\.m2\repository\org\apache\camel\springboot\camel-core-starter\3.18.3\camel-core-starter-3.18.3.jar;C:\Users\AC75008340\.m2\repository\org\apache\camel\camel-core-engine\3.18.3\camel-core-engine-3.18.3.jar;C:\Users\AC75008340\.m2\repository\org\apache\camel\camel-api\3.18.3\camel-api-3.18.3.jar;C:\Users\AC75008340\.m2\repository\org\apache\camel\camel-core-reifier\3.18.3\camel-core-reifier-3.18.3.jar;C:\Users\AC75008340\.m2\repository\org\apache\camel\camel-support\3.18.3\camel-support-3.18.3.jar;C:\Users\AC75008340\.m2\repository\org\apache\camel\camel-util\3.18.3\camel-util-3.18.3.jar;C:\Users\AC75008340\.m2\repository\org\apache\camel\springboot\camel-bean-starter\3.18.3\camel-bean-starter-3.18.3.jar;C:\Users\AC75008340\.m2\repository\org\apache\camel\camel-bean\3.18.3\camel-bean-3.18.3.jar;C:\Users\AC75008340\.m2\repository\org\apache\camel\springboot\camel-browse-starter\3.18.3\camel-browse-starter-3.18.3.jar;C:\Users\AC75008340\.m2\repository\org\apache\camel\camel-browse\3.18.3\camel-browse-3.18.3.jar;C:\Users\AC75008340\.m2\repository\org\apache\camel\springboot\camel-controlbus-starter\3.18.3\camel-controlbus-starter-3.18.3.jar;C:\Users\AC75008340\.m2\repository\org\apache\camel\camel-controlbus\3.18.3\camel-controlbus-3.18.3.jar;C:\Users\AC75008340\.m2\repository\org\apache\camel\springboot\camel-dataformat-starter\3.18.3\camel-dataformat-starter-3.18.3.jar;C:\Users\AC75008340\.m2\repository\org\apache\camel\camel-dataformat\3.18.3\camel-dataformat-3.18.3.jar;C:\Users\AC75008340\.m2\repository\org\apache\camel\springboot\camel-dataset-starter\3.18.3\camel-dataset-starter-3.18.3.jar;C:\Users\AC75008340\.m2\repository\org\apache\camel\camel-dataset\3.18.3\camel-dataset-3.18.3.jar;C:\Users\AC75008340\.m2\repository\org\apache\camel\springboot\camel-direct-starter\3.18.3\camel-direct-starter-3.18.3.jar;C:\Users\AC75008340\.m2\repository\org\apache\camel\camel-direct\3.18.3\camel-direct-3.18.3.jar;C:\Users\AC75008340\.m2\repository\org\apache\camel\springboot\camel-directvm-starter\3.18.3\camel-directvm-starter-3.18.3.jar;C:\Users\AC75008340\.m2\repository\org\apache\camel\camel-directvm\3.18.3\camel-directvm-3.18.3.jar;C:\Users\AC75008340\.m2\repository\org\apache\camel\springboot\camel-file-starter\3.18.3\camel-file-starter-3.18.3.jar;C:\Users\AC75008340\.m2\repository\org\apache\camel\camel-file\3.18.3\camel-file-3.18.3.jar;C:\Users\AC75008340\.m2\repository\org\apache\camel\springboot\camel-language-starter\3.18.3\camel-language-starter-3.18.3.jar;C:\Users\AC75008340\.m2\repository\org\apache\camel\camel-language\3.18.3\camel-language-3.18.3.jar;C:\Users\AC75008340\.m2\repository\org\apache\camel\springboot\camel-log-starter\3.18.3\camel-log-starter-3.18.3.jar;C:\Users\AC75008340\.m2\repository\org\apache\camel\camel-log\3.18.3\camel-log-3.18.3.jar;C:\Users\AC75008340\.m2\repository\org\apache\camel\springboot\camel-mock-starter\3.18.3\camel-mock-starter-3.18.3.jar;C:\Users\AC75008340\.m2\repository\org\apache\camel\camel-mock\3.18.3\camel-mock-3.18.3.jar;C:\Users\AC75008340\.m2\repository\org\apache\camel\springboot\camel-ref-starter\3.18.3\camel-ref-starter-3.18.3.jar;C:\Users\AC75008340\.m2\repository\org\apache\camel\camel-ref\3.18.3\camel-ref-3.18.3.jar;C:\Users\AC75008340\.m2\repository\org\apache\camel\springboot\camel-rest-starter\3.18.3\camel-rest-starter-3.18.3.jar;C:\Users\AC75008340\.m2\repository\org\apache\camel\camel-rest\3.18.3\camel-rest-3.18.3.jar;C:\Users\AC75008340\.m2\repository\org\apache\camel\camel-tooling-model\3.18.3\camel-tooling-model-3.18.3.jar;C:\Users\AC75008340\.m2\repository\org\apache\camel\springboot\camel-saga-starter\3.18.3\camel-saga-starter-3.18.3.jar;C:\Users\AC75008340\.m2\repository\org\apache\camel\camel-saga\3.18.3\camel-saga-3.18.3.jar;C:\Users\AC75008340\.m2\repository\org\apache\camel\springboot\camel-scheduler-starter\3.18.3\camel-scheduler-starter-3.18.3.jar;C:\Users\AC75008340\.m2\repository\org\apache\camel\camel-scheduler\3.18.3\camel-scheduler-3.18.3.jar;C:\Users\AC75008340\.m2\repository\org\apache\camel\springboot\camel-seda-starter\3.18.3\camel-seda-starter-3.18.3.jar;C:\Users\AC75008340\.m2\repository\org\apache\camel\camel-seda\3.18.3\camel-seda-3.18.3.jar;C:\Users\AC75008340\.m2\repository\org\apache\camel\springboot\camel-stub-starter\3.18.3\camel-stub-starter-3.18.3.jar;C:\Users\AC75008340\.m2\repository\org\apache\camel\camel-stub\3.18.3\camel-stub-3.18.3.jar;C:\Users\AC75008340\.m2\repository\org\apache\camel\springboot\camel-timer-starter\3.18.3\camel-timer-starter-3.18.3.jar;C:\Users\AC75008340\.m2\repository\org\apache\camel\camel-timer\3.18.3\camel-timer-3.18.3.jar;C:\Users\AC75008340\.m2\repository\org\apache\camel\springboot\camel-validator-starter\3.18.3\camel-validator-starter-3.18.3.jar;C:\Users\AC75008340\.m2\repository\org\apache\camel\camel-validator\3.18.3\camel-validator-3.18.3.jar;C:\Users\AC75008340\.m2\repository\org\apache\camel\springboot\camel-vm-starter\3.18.3\camel-vm-starter-3.18.3.jar;C:\Users\AC75008340\.m2\repository\org\apache\camel\camel-vm\3.18.3\camel-vm-3.18.3.jar;C:\Users\AC75008340\.m2\repository\org\apache\camel\springboot\camel-xpath-starter\3.18.3\camel-xpath-starter-3.18.3.jar;C:\Users\AC75008340\.m2\repository\org\apache\camel\camel-xpath\3.18.3\camel-xpath-3.18.3.jar;C:\Users\AC75008340\.m2\repository\org\apache\camel\springboot\camel-xslt-starter\3.18.3\camel-xslt-starter-3.18.3.jar;C:\Users\AC75008340\.m2\repository\org\apache\camel\camel-xslt\3.18.3\camel-xslt-3.18.3.jar;C:\Users\AC75008340\.m2\repository\org\apache\camel\springboot\camel-xml-jaxp-starter\3.18.3\camel-xml-jaxp-starter-3.18.3.jar;C:\Users\AC75008340\.m2\repository\org\apache\camel\camel-xml-jaxp\3.18.3\camel-xml-jaxp-3.18.3.jar;C:\Users\AC75008340\.m2\repository\org\apache\camel\camel-xml-io-util\3.18.3\camel-xml-io-util-3.18.3.jar;C:\Users\AC75008340\.m2\repository\org\springframework\boot\spring-boot-starter-test\2.5.7\spring-boot-starter-test-2.5.7.jar;C:\Users\AC75008340\.m2\repository\org\springframework\boot\spring-boot-test\2.5.7\spring-boot-test-2.5.7.jar;C:\Users\AC75008340\.m2\repository\org\springframework\boot\spring-boot-test-autoconfigure\2.5.7\spring-boot-test-autoconfigure-2.5.7.jar;C:\Users\AC75008340\.m2\repository\com\jayway\jsonpath\json-path\2.5.0\json-path-2.5.0.jar;C:\Users\AC75008340\.m2\repository\net\minidev\json-smart\2.4.7\json-smart-2.4.7.jar;C:\Users\AC75008340\.m2\repository\net\minidev\accessors-smart\2.4.7\accessors-smart-2.4.7.jar;C:\Users\AC75008340\.m2\repository\org\ow2\asm\asm\9.1\asm-9.1.jar;C:\Users\AC75008340\.m2\repository\jakarta\xml\bind\jakarta.xml.bind-api\2.3.3\jakarta.xml.bind-api-2.3.3.jar;C:\Users\AC75008340\.m2\repository\jakarta\activation\jakarta.activation-api\1.2.2\jakarta.activation-api-1.2.2.jar;C:\Users\AC75008340\.m2\repository\org\assertj\assertj-core\3.19.0\assertj-core-3.19.0.jar;C:\Users\AC75008340\.m2\repository\org\hamcrest\hamcrest\2.2\hamcrest-2.2.jar;C:\Users\AC75008340\.m2\repository\org\junit\jupiter\junit-jupiter\5.7.2\junit-jupiter-5.7.2.jar;C:\Users\AC75008340\.m2\repository\org\junit\jupiter\junit-jupiter-params\5.7.2\junit-jupiter-params-5.7.2.jar;C:\Users\AC75008340\.m2\repository\org\junit\jupiter\junit-jupiter-engine\5.7.2\junit-jupiter-engine-5.7.2.jar;C:\Users\AC75008340\.m2\repository\org\mockito\mockito-core\3.9.0\mockito-core-3.9.0.jar;C:\Users\AC75008340\.m2\repository\net\bytebuddy\byte-buddy\1.10.22\byte-buddy-1.10.22.jar;C:\Users\AC75008340\.m2\repository\net\bytebuddy\byte-buddy-agent\1.10.22\byte-buddy-agent-1.10.22.jar;C:\Users\AC75008340\.m2\repository\org\objenesis\objenesis\3.2\objenesis-3.2.jar;C:\Users\AC75008340\.m2\repository\org\mockito\mockito-junit-jupiter\3.9.0\mockito-junit-jupiter-3.9.0.jar;C:\Users\AC75008340\.m2\repository\org\skyscreamer\jsonassert\1.5.0\jsonassert-1.5.0.jar;C:\Users\AC75008340\.m2\repository\com\vaadin\external\google\android-json\0.0.20131108.vaadin1\android-json-0.0.20131108.vaadin1.jar;C:\Users\AC75008340\.m2\repository\org\springframework\spring-core\5.3.13\spring-core-5.3.13.jar;C:\Users\AC75008340\.m2\repository\org\springframework\spring-jcl\5.3.13\spring-jcl-5.3.13.jar;C:\Users\AC75008340\.m2\repository\org\xmlunit\xmlunit-core\2.8.3\xmlunit-core-2.8.3.jar;C:\Users\AC75008340\.m2\repository\org\junit\vintage\junit-vintage-engine\5.7.2\junit-vintage-engine-5.7.2.jar;C:\Users\AC75008340\.m2\repository\org\apiguardian\apiguardian-api\1.1.0\apiguardian-api-1.1.0.jar;C:\Users\AC75008340\.m2\repository\org\junit\platform\junit-platform-engine\1.7.2\junit-platform-engine-1.7.2.jar;C:\Users\AC75008340\.m2\repository\junit\junit\4.13.2\junit-4.13.2.jar;C:\Users\AC75008340\.m2\repository\org\hamcrest\hamcrest-core\2.2\hamcrest-core-2.2.jar;"/>
    <property name="sun.cpu.endian" value="little"/>
    <property name="user.home" value="C:\Users\AC75008340"/>
    <property name="user.language" value="fr"/>
    <property name="java.specification.vendor" value="Oracle Corporation"/>
    <property name="java.version.date" value="2021-01-19"/>
    <property name="java.home" value="C:\Users\AC75008340\java\jdk-11.0.10+9"/>
    <property name="file.separator" value="\"/>
    <property name="style.color" value="always"/>
    <property name="basedir" value="C:\Users\AC75008340\mdm-eclipse-workspace\reprex-camelmanualcommit"/>
    <property name="java.vm.compressedOopsMode" value="Zero based"/>
    <property name="line.separator" value="&#10;"/>
    <property name="java.specification.name" value="Java Platform API Specification"/>
    <property name="java.vm.specification.vendor" value="Oracle Corporation"/>
    <property name="java.awt.graphicsenv" value="sun.awt.Win32GraphicsEnvironment"/>
    <property name="surefire.real.class.path" value="C:\cygwin64\tmp\surefire17170651748702845300\surefirebooter16427198913874782329.jar"/>
    <property name="user.script" value=""/>
    <property name="sun.management.compiler" value="HotSpot 64-Bit Tiered Compilers"/>
    <property name="java.runtime.version" value="11.0.10+9"/>
    <property name="user.name" value="AC75008340"/>
    <property name="path.separator" value=";"/>
    <property name="os.version" value="10.0"/>
    <property name="java.runtime.name" value="OpenJDK Runtime Environment"/>
    <property name="file.encoding" value="Cp1252"/>
    <property name="java.vm.name" value="OpenJDK 64-Bit Server VM"/>
    <property name="java.vendor.version" value="AdoptOpenJDK"/>
    <property name="localRepository" value="C:\Users\AC75008340\.m2\repository"/>
    <property name="java.vendor.url.bug" value="https://github.com/AdoptOpenJDK/openjdk-support/issues"/>
    <property name="java.io.tmpdir" value="C:\cygwin64\tmp\"/>
    <property name="java.version" value="11.0.10"/>
    <property name="user.dir" value="C:\Users\AC75008340\mdm-eclipse-workspace\reprex-camelmanualcommit"/>
    <property name="os.arch" value="amd64"/>
    <property name="java.vm.specification.name" value="Java Virtual Machine Specification"/>
    <property name="java.awt.printerjob" value="sun.awt.windows.WPrinterJob"/>
    <property name="sun.os.patch.level" value=""/>
    <property name="java.library.path" value="C:\Users\AC75008340\java\jdk-11.0.10+9\bin;C:\WINDOWS\Sun\Java\bin;C:\WINDOWS\system32;C:\WINDOWS;C;C:\Users\AC75008340\java\jdk-11.0.10+9\bin;C:\cygwin64\usr\local\bin;C:\cygwin64\bin;C:\cygwin64\bin;C:\Program Files (x86)\ConEmu;C:\Program Files (x86)\ConEmu\ConEmu;C:\WINDOWS\system32;C:\WINDOWS;C:\WINDOWS\System32\Wbem;C:\WINDOWS\System32\WindowsPowerShell\v1.0;C:\WINDOWS\System32\OpenSSH;C:\Program Files\Git\cmd;C:\Users\AC75008340\java-dev-tools\maven-daemon\bin;C:\Users\AC75008340\java-dev-tools\apache-maven-3.6.3\bin;C:\Program Files\PuTTY;C:\Program Files\nodejs;C:\Program Files\Docker\Docker\resources\bin;C:\ProgramData\DockerDesktop\version-bin;C:\Program Files\Liquid Technologies\Liquid Studio 2021\XmlDataBinder19\Redist19\cpp\win32\bin;C:\Program Files\Liquid Technologies\Liquid Studio 2021\XmlDataBinder19\Redist19\cpp\win64\bin;C:\Program Files (x86)\MDM JSON Line Tools;C:\Program Files (x86)\dotnet;C:\Program Files\SafeNet\Authentication\SAC\x64;C:\Program Files\SafeNet\Authentication\SAC\x32;C:\Program Files\TortoiseGit\bin;C:\Program Files\TortoiseSVN\bin;C:\Users\AC75008340\AppData\Local\JSONBuddy;C:\Users\AC75008340\AppData\Local\Microsoft\WindowsApps;C:\kubectl-plugins-windows\kubelogin_windows_amd64;C:\Users\AC75008340\AppData\Local\Programs\Microsoft VS Code\bin;C:\Users\AC75008340\AppData\Roaming\npm;C:\Users\AC75008340\AppData\Local\Programs\Python\Python39\Scripts;C:\Users\AC75008340\AppData\Local\Programs\Python\Python39;C:\Program Files\PostgreSQL\13\bin;C:\Users\AC75008340\java\jdk-11.0.10+9\bin;C:\Users\AC75008340\java-dev-tools\sonar-scanner-cli-4.6.2.2472-windows\bin;."/>
    <property name="java.vm.info" value="mixed mode"/>
    <property name="java.vendor" value="AdoptOpenJDK"/>
    <property name="java.vm.version" value="11.0.10+9"/>
    <property name="sun.io.unicode.encoding" value="UnicodeLittle"/>
    <property name="java.class.version" value="55.0"/>
  </properties>
  <testcase name="givenEmbeddedKafkaBroker_whenSendingWithSimpleProducer_thenMessageReceived" classname="org.iro.reprex.camelmanualcommit.EmbeddedKafkaIntegrationTest" time="0.773"/>
</testsuite>